(base) ]0;~/Team Members/Dev Patel/deploy_template[01;34m~/Team Members/Dev Patel/deploy_template[00m$ python34[K flask.py
  File "/projects/07cb54a4-9729-4508-ad4f-95fc7891551c/Team Members/Dev Patel/deploy_template/flask.py", line 13
    filename = secure_filename(file.filename)f
                                             ^
SyntaxError: invalid syntax
(base) ]0;~/Team Members/Dev Patel/deploy_template[01;34m~/Team Members/Dev Patel/deploy_template[00m$ python3 flask.py
  File "/projects/07cb54a4-9729-4508-ad4f-95fc7891551c/Team Members/Dev Patel/deploy_template/flask.py", line 13
    filename = secure_filename(file.filename)f
                                             ^
SyntaxError: invalid syntax
(base) ]0;~/Team Members/Dev Patel/deploy_template[01;34m~/Team Members/Dev Patel/deploy_template[00m$ python3 flask.py
  File "/projects/07cb54a4-9729-4508-ad4f-95fc7891551c/Team Members/Dev Patel/deploy_template/flask.py", line 18
    !app.route('/uploads/<name>')
    ^
SyntaxError: invalid syntax
(base) ]0;~/Team Members/Dev Patel/deploy_template[01;34m~/Team Members/Dev Patel/deploy_template[00m$ python3 flask.py
Traceback (most recent call last):
  File "/projects/07cb54a4-9729-4508-ad4f-95fc7891551c/Team Members/Dev Patel/deploy_template/flask.py", line 1, in <module>
    from flask import Flask, request, render_template, redirect, url_for
  File "/projects/07cb54a4-9729-4508-ad4f-95fc7891551c/Team Members/Dev Patel/deploy_template/flask.py", line 1, in <module>
    from flask import Flask, request, render_template, redirect, url_for
ImportError: cannot import name 'Flask' from partially initialized module 'flask' (most likely due to a circular import) (/projects/07cb54a4-9729-4508-ad4f-95fc7891551c/Team Members/Dev Patel/deploy_template/flask.py)
(base) ]0;~/Team Members/Dev Patel/deploy_template[01;34m~/Team Members/Dev Patel/deploy_template[00m$ clear
[H[J(base) ]0;~/Team Members/Dev Patel/deploy_template[01;34m~/Team Members/Dev Patel/deploy_template[00m$ app.[K[K[K[Kpython3 app.py
Traceback (most recent call last):
  File "/projects/07cb54a4-9729-4508-ad4f-95fc7891551c/Team Members/Dev Patel/deploy_template/app.py", line 1, in <module>
    from flask import Flask, request, render_template, redirect, url_for
ModuleNotFoundError: No module named 'flask'
(base) ]0;~/Team Members/Dev Patel/deploy_template[01;34m~/Team Members/Dev Patel/deploy_template[00m$ pip3 install flask
Collecting flask
  Downloading Flask-2.1.2-py3-none-any.whl (95 kB)
[?25l[K     |â–ˆâ–ˆâ–ˆâ–                            | 10 kB 19.9 MB/s eta 0:00:01[K     |â–ˆâ–ˆâ–ˆâ–ˆâ–ˆâ–ˆâ–‰                         | 20 kB 23.9 MB/s eta 0:00:01[K     |â–ˆâ–ˆâ–ˆâ–ˆâ–ˆâ–ˆâ–ˆâ–ˆâ–ˆâ–ˆâ–Ž                     | 30 kB 28.6 MB/s eta 0:00:01[K     |â–ˆâ–ˆâ–ˆâ–ˆâ–ˆâ–ˆâ–ˆâ–ˆâ–ˆâ–ˆâ–ˆâ–ˆâ–ˆâ–Š                  | 40 kB 30.6 MB/s eta 0:00:01[K     |â–ˆâ–ˆâ–ˆâ–ˆâ–ˆâ–ˆâ–ˆâ–ˆâ–ˆâ–ˆâ–ˆâ–ˆâ–ˆâ–ˆâ–ˆâ–ˆâ–ˆâ–              | 51 kB 23.2 MB/s eta 0:00:01[K     |â–ˆâ–ˆâ–ˆâ–ˆâ–ˆâ–ˆâ–ˆâ–ˆâ–ˆâ–ˆâ–ˆâ–ˆâ–ˆâ–ˆâ–ˆâ–ˆâ–ˆâ–ˆâ–ˆâ–ˆâ–‹           | 61 kB 25.5 MB/s eta 0:00:01[K     |â–ˆâ–ˆâ–ˆâ–ˆâ–ˆâ–ˆâ–ˆâ–ˆâ–ˆâ–ˆâ–ˆâ–ˆâ–ˆâ–ˆâ–ˆâ–ˆâ–ˆâ–ˆâ–ˆâ–ˆâ–ˆâ–ˆâ–ˆâ–ˆ        | 71 kB 27.7 MB/s eta 0:00:01[K     |â–ˆâ–ˆâ–ˆâ–ˆâ–ˆâ–ˆâ–ˆâ–ˆâ–ˆâ–ˆâ–ˆâ–ˆâ–ˆâ–ˆâ–ˆâ–ˆâ–ˆâ–ˆâ–ˆâ–ˆâ–ˆâ–ˆâ–ˆâ–ˆâ–ˆâ–ˆâ–ˆâ–Œ    | 81 kB 29.7 MB/s eta 0:00:01[K     |â–ˆâ–ˆâ–ˆâ–ˆâ–ˆâ–ˆâ–ˆâ–ˆâ–ˆâ–ˆâ–ˆâ–ˆâ–ˆâ–ˆâ–ˆâ–ˆâ–ˆâ–ˆâ–ˆâ–ˆâ–ˆâ–ˆâ–ˆâ–ˆâ–ˆâ–ˆâ–ˆâ–ˆâ–ˆâ–ˆâ–ˆ | 92 kB 31.7 MB/s eta 0:00:01[K     |â–ˆâ–ˆâ–ˆâ–ˆâ–ˆâ–ˆâ–ˆâ–ˆâ–ˆâ–ˆâ–ˆâ–ˆâ–ˆâ–ˆâ–ˆâ–ˆâ–ˆâ–ˆâ–ˆâ–ˆâ–ˆâ–ˆâ–ˆâ–ˆâ–ˆâ–ˆâ–ˆâ–ˆâ–ˆâ–ˆâ–ˆâ–ˆ| 95 kB 5.7 MB/s 
[?25hRequirement already satisfied: Jinja2>=3.0 in /projects/07cb54a4-9729-4508-ad4f-95fc7891551c/miniconda3/lib/python3.9/site-packages (from flask) (3.1.2)
Collecting Werkzeug>=2.0
  Downloading Werkzeug-2.1.2-py3-none-any.whl (224 kB)
[?25l[K     |â–ˆâ–Œ                              | 10 kB 29.5 MB/s eta 0:00:01[K     |â–ˆâ–ˆâ–ˆ                             | 20 kB 34.8 MB/s eta 0:00:01[K     |â–ˆâ–ˆâ–ˆâ–ˆâ–                           | 30 kB 42.1 MB/s eta 0:00:01[K     |â–ˆâ–ˆâ–ˆâ–ˆâ–ˆâ–‰                          | 40 kB 46.3 MB/s eta 0:00:01[K     |â–ˆâ–ˆâ–ˆâ–ˆâ–ˆâ–ˆâ–ˆâ–Ž                        | 51 kB 48.4 MB/s eta 0:00:01[K     |â–ˆâ–ˆâ–ˆâ–ˆâ–ˆâ–ˆâ–ˆâ–ˆâ–Š                       | 61 kB 51.5 MB/s eta 0:00:01[K     |â–ˆâ–ˆâ–ˆâ–ˆâ–ˆâ–ˆâ–ˆâ–ˆâ–ˆâ–ˆâ–                     | 71 kB 52.2 MB/s eta 0:00:01[K     |â–ˆâ–ˆâ–ˆâ–ˆâ–ˆâ–ˆâ–ˆâ–ˆâ–ˆâ–ˆâ–ˆâ–‹                    | 81 kB 53.4 MB/s eta 0:00:01[K     |â–ˆâ–ˆâ–ˆâ–ˆâ–ˆâ–ˆâ–ˆâ–ˆâ–ˆâ–ˆâ–ˆâ–ˆâ–ˆ                   | 92 kB 55.0 MB/s eta 0:00:01[K     |â–ˆâ–ˆâ–ˆâ–ˆâ–ˆâ–ˆâ–ˆâ–ˆâ–ˆâ–ˆâ–ˆâ–ˆâ–ˆâ–ˆâ–‹                 | 102 kB 55.9 MB/s eta 0:00:01[K     |â–ˆâ–ˆâ–ˆâ–ˆâ–ˆâ–ˆâ–ˆâ–ˆâ–ˆâ–ˆâ–ˆâ–ˆâ–ˆâ–ˆâ–ˆâ–ˆ                | 112 kB 55.9 MB/s eta 0:00:01[K     |â–ˆâ–ˆâ–ˆâ–ˆâ–ˆâ–ˆâ–ˆâ–ˆâ–ˆâ–ˆâ–ˆâ–ˆâ–ˆâ–ˆâ–ˆâ–ˆâ–ˆâ–Œ              | 122 kB 55.9 MB/s eta 0:00:01[K     |â–ˆâ–ˆâ–ˆâ–ˆâ–ˆâ–ˆâ–ˆâ–ˆâ–ˆâ–ˆâ–ˆâ–ˆâ–ˆâ–ˆâ–ˆâ–ˆâ–ˆâ–ˆâ–ˆ             | 133 kB 55.9 MB/s eta 0:00:01[K     |â–ˆâ–ˆâ–ˆâ–ˆâ–ˆâ–ˆâ–ˆâ–ˆâ–ˆâ–ˆâ–ˆâ–ˆâ–ˆâ–ˆâ–ˆâ–ˆâ–ˆâ–ˆâ–ˆâ–ˆâ–           | 143 kB 55.9 MB/s eta 0:00:01[K     |â–ˆâ–ˆâ–ˆâ–ˆâ–ˆâ–ˆâ–ˆâ–ˆâ–ˆâ–ˆâ–ˆâ–ˆâ–ˆâ–ˆâ–ˆâ–ˆâ–ˆâ–ˆâ–ˆâ–ˆâ–ˆâ–‰          | 153 kB 55.9 MB/s eta 0:00:01[K     |â–ˆâ–ˆâ–ˆâ–ˆâ–ˆâ–ˆâ–ˆâ–ˆâ–ˆâ–ˆâ–ˆâ–ˆâ–ˆâ–ˆâ–ˆâ–ˆâ–ˆâ–ˆâ–ˆâ–ˆâ–ˆâ–ˆâ–ˆâ–Ž        | 163 kB 55.9 MB/s eta 0:00:01[K     |â–ˆâ–ˆâ–ˆâ–ˆâ–ˆâ–ˆâ–ˆâ–ˆâ–ˆâ–ˆâ–ˆâ–ˆâ–ˆâ–ˆâ–ˆâ–ˆâ–ˆâ–ˆâ–ˆâ–ˆâ–ˆâ–ˆâ–ˆâ–ˆâ–Š       | 174 kB 55.9 MB/s eta 0:00:01[K     |â–ˆâ–ˆâ–ˆâ–ˆâ–ˆâ–ˆâ–ˆâ–ˆâ–ˆâ–ˆâ–ˆâ–ˆâ–ˆâ–ˆâ–ˆâ–ˆâ–ˆâ–ˆâ–ˆâ–ˆâ–ˆâ–ˆâ–ˆâ–ˆâ–ˆâ–ˆâ–     | 184 kB 55.9 MB/s eta 0:00:01[K     |â–ˆâ–ˆâ–ˆâ–ˆâ–ˆâ–ˆâ–ˆâ–ˆâ–ˆâ–ˆâ–ˆâ–ˆâ–ˆâ–ˆâ–ˆâ–ˆâ–ˆâ–ˆâ–ˆâ–ˆâ–ˆâ–ˆâ–ˆâ–ˆâ–ˆâ–ˆâ–ˆâ–Š    | 194 kB 55.9 MB/s eta 0:00:01[K     |â–ˆâ–ˆâ–ˆâ–ˆâ–ˆâ–ˆâ–ˆâ–ˆâ–ˆâ–ˆâ–ˆâ–ˆâ–ˆâ–ˆâ–ˆâ–ˆâ–ˆâ–ˆâ–ˆâ–ˆâ–ˆâ–ˆâ–ˆâ–ˆâ–ˆâ–ˆâ–ˆâ–ˆâ–ˆâ–  | 204 kB 55.9 MB/s eta 0:00:01[K     |â–ˆâ–ˆâ–ˆâ–ˆâ–ˆâ–ˆâ–ˆâ–ˆâ–ˆâ–ˆâ–ˆâ–ˆâ–ˆâ–ˆâ–ˆâ–ˆâ–ˆâ–ˆâ–ˆâ–ˆâ–ˆâ–ˆâ–ˆâ–ˆâ–ˆâ–ˆâ–ˆâ–ˆâ–ˆâ–ˆâ–‹ | 215 kB 55.9 MB/s eta 0:00:01[K     |â–ˆâ–ˆâ–ˆâ–ˆâ–ˆâ–ˆâ–ˆâ–ˆâ–ˆâ–ˆâ–ˆâ–ˆâ–ˆâ–ˆâ–ˆâ–ˆâ–ˆâ–ˆâ–ˆâ–ˆâ–ˆâ–ˆâ–ˆâ–ˆâ–ˆâ–ˆâ–ˆâ–ˆâ–ˆâ–ˆâ–ˆâ–ˆ| 224 kB 55.9 MB/s 
[?25hCollecting itsdangerous>=2.0
  Downloading itsdangerous-2.1.2-py3-none-any.whl (15 kB)
Requirement already satisfied: importlib-metadata>=3.6.0 in /projects/07cb54a4-9729-4508-ad4f-95fc7891551c/miniconda3/lib/python3.9/site-packages (from flask) (4.11.4)
Collecting click>=8.0
  Downloading click-8.1.3-py3-none-any.whl (96 kB)
[?25l[K     |â–ˆâ–ˆâ–ˆâ–                            | 10 kB 29.4 MB/s eta 0:00:01[K     |â–ˆâ–ˆâ–ˆâ–ˆâ–ˆâ–ˆâ–‰                         | 20 kB 35.9 MB/s eta 0:00:01[K     |â–ˆâ–ˆâ–ˆâ–ˆâ–ˆâ–ˆâ–ˆâ–ˆâ–ˆâ–ˆâ–                     | 30 kB 43.9 MB/s eta 0:00:01[K     |â–ˆâ–ˆâ–ˆâ–ˆâ–ˆâ–ˆâ–ˆâ–ˆâ–ˆâ–ˆâ–ˆâ–ˆâ–ˆâ–‹                  | 40 kB 49.3 MB/s eta 0:00:01[K     |â–ˆâ–ˆâ–ˆâ–ˆâ–ˆâ–ˆâ–ˆâ–ˆâ–ˆâ–ˆâ–ˆâ–ˆâ–ˆâ–ˆâ–ˆâ–ˆâ–ˆ               | 51 kB 52.7 MB/s eta 0:00:01[K     |â–ˆâ–ˆâ–ˆâ–ˆâ–ˆâ–ˆâ–ˆâ–ˆâ–ˆâ–ˆâ–ˆâ–ˆâ–ˆâ–ˆâ–ˆâ–ˆâ–ˆâ–ˆâ–ˆâ–ˆâ–           | 61 kB 56.2 MB/s eta 0:00:01[K     |â–ˆâ–ˆâ–ˆâ–ˆâ–ˆâ–ˆâ–ˆâ–ˆâ–ˆâ–ˆâ–ˆâ–ˆâ–ˆâ–ˆâ–ˆâ–ˆâ–ˆâ–ˆâ–ˆâ–ˆâ–ˆâ–ˆâ–ˆâ–Š        | 71 kB 58.4 MB/s eta 0:00:01[K     |â–ˆâ–ˆâ–ˆâ–ˆâ–ˆâ–ˆâ–ˆâ–ˆâ–ˆâ–ˆâ–ˆâ–ˆâ–ˆâ–ˆâ–ˆâ–ˆâ–ˆâ–ˆâ–ˆâ–ˆâ–ˆâ–ˆâ–ˆâ–ˆâ–ˆâ–ˆâ–ˆâ–    | 81 kB 58.4 MB/s eta 0:00:01[K     |â–ˆâ–ˆâ–ˆâ–ˆâ–ˆâ–ˆâ–ˆâ–ˆâ–ˆâ–ˆâ–ˆâ–ˆâ–ˆâ–ˆâ–ˆâ–ˆâ–ˆâ–ˆâ–ˆâ–ˆâ–ˆâ–ˆâ–ˆâ–ˆâ–ˆâ–ˆâ–ˆâ–ˆâ–ˆâ–ˆâ–Œ | 92 kB 60.1 MB/s eta 0:00:01[K     |â–ˆâ–ˆâ–ˆâ–ˆâ–ˆâ–ˆâ–ˆâ–ˆâ–ˆâ–ˆâ–ˆâ–ˆâ–ˆâ–ˆâ–ˆâ–ˆâ–ˆâ–ˆâ–ˆâ–ˆâ–ˆâ–ˆâ–ˆâ–ˆâ–ˆâ–ˆâ–ˆâ–ˆâ–ˆâ–ˆâ–ˆâ–ˆ| 96 kB 8.2 MB/s 
[?25hRequirement already satisfied: zipp>=0.5 in /projects/07cb54a4-9729-4508-ad4f-95fc7891551c/miniconda3/lib/python3.9/site-packages (from importlib-metadata>=3.6.0->flask) (3.8.0)
Requirement already satisfied: MarkupSafe>=2.0 in /projects/07cb54a4-9729-4508-ad4f-95fc7891551c/miniconda3/lib/python3.9/site-packages (from Jinja2>=3.0->flask) (2.1.1)
Installing collected packages: Werkzeug, itsdangerous, click, flask
Successfully installed Werkzeug-2.1.2 click-8.1.3 flask-2.1.2 itsdangerous-2.1.2
(base) ]0;~/Team Members/Dev Patel/deploy_template[01;34m~/Team Members/Dev Patel/deploy_template[00m$ pip3 install flask[4Python3 app.py
Traceback (most recent call last):
  File "/projects/07cb54a4-9729-4508-ad4f-95fc7891551c/Team Members/Dev Patel/deploy_template/app.py", line 4, in <module>
    app = Flase(__name__)
NameError: name 'Flase' is not defined
(base) ]0;~/Team Members/Dev Patel/deploy_template[01;34m~/Team Members/Dev Patel/deploy_template[00m$ python3 app.pyip3 install flask[4Python3 app.py
Traceback (most recent call last):
  File "/projects/07cb54a4-9729-4508-ad4f-95fc7891551c/Team Members/Dev Patel/deploy_template/app.py", line 7, in <module>
    app.config[UPLOAD] = UPLOAD_FOLDER
NameError: name 'UPLOAD_FOLDER' is not defined
(base) ]0;~/Team Members/Dev Patel/deploy_template[01;34m~/Team Members/Dev Patel/deploy_template[00m$ python3 app.py
 * Serving Flask app 'app' (lazy loading)
 * Environment: production
[31m   WARNING: This is a development server. Do not use it in a production deployment.[0m
[2m   Use a production WSGI server instead.[0m
 * Debug mode: off
 * Running on http://127.0.0.1:5000 (Press CTRL+C to quit)
^C(base) ]0;~/Team Members/Dev Patel/deploy_template[01;34m~/Team Members/Dev Patel/deploy_template[00m$ python3 app.py
 * Serving Flask app 'app' (lazy loading)
 * Environment: production
[31m   WARNING: This is a development server. Do not use it in a production deployment.[0m
[2m   Use a production WSGI server instead.[0m
 * Debug mode: on
 * Running on http://127.0.0.1:5000 (Press CTRL+C to quit)
 * Restarting with stat
 * Debugger is active!
 * Debugger PIN: 120-375-405
 * Detected change in '/projects/07cb54a4-9729-4508-ad4f-95fc7891551c/Team Members/Dev Patel/deploy_template/app.py', reloading
 * Restarting with stat
 * Debugger is active!
 * Debugger PIN: 120-375-405
^C(base) ]0;~/Team Members/Dev Patel/deploy_template[01;34m~/Team Members/Dev Patel/deploy_template[00m$ python3 app.py
 * Serving Flask app 'app' (lazy loading)
 * Environment: production
[31m   WARNING: This is a development server. Do not use it in a production deployment.[0m
[2m   Use a production WSGI server instead.[0m
 * Debug mode: on
 * Running on all addresses (0.0.0.0)
   WARNING: This is a development server. Do not use it in a production deployment.
 * Running on http://127.0.0.1:5000
 * Running on http://172.17.0.2:5000 (Press CTRL+C to quit)
 * Restarting with stat
 * Debugger is active!
 * Debugger PIN: 120-375-405
^C(base) ]0;~/Team Members/Dev Patel/deploy_template[01;34m~/Team Members/Dev Patel/deploy_template[00m$ 